<?xml version="1.0" encoding="UTF-8"?>
<!-- Generated by org.testng.reporters.JUnitReportReporter -->
<testsuite hostname="dell" failures="0" tests="1" name="Com.DemoWebShop_TestScript.TC001_VerifyUserIsAbleToAddressOrNot" time="17.109" errors="0" timestamp="2026-05-30T21:28:13 IST" skipped="0">
  <testcase classname="Com.DemoWebShop_TestScript.TC001_VerifyUserIsAbleToAddressOrNot" name="addAddress" time="17.109"/>
</testsuite> <!-- Com.DemoWebShop_TestScript.TC001_VerifyUserIsAbleToAddressOrNot -->
