<?xml version="1.0" encoding="UTF-8"?>
<!-- Generated by org.testng.reporters.JUnitReportReporter -->
<testsuite hostname="dell" failures="0" tests="1" name="Com.DemoWebShop_TestScript.TC002_VerifyUserIsAbleToDeleteAddressOrNot" time="22.207" errors="0" timestamp="2026-05-31T09:26:59 IST" skipped="0">
  <testcase classname="Com.DemoWebShop_TestScript.TC002_VerifyUserIsAbleToDeleteAddressOrNot" name="deleteAddress" time="22.207"/>
</testsuite> <!-- Com.DemoWebShop_TestScript.TC002_VerifyUserIsAbleToDeleteAddressOrNot -->
