<?xml version="1.0" encoding="UTF-8"?>
<testng-results ignored="0" total="1" passed="1" failed="0" skipped="0">
  <reporter-output>
  </reporter-output>
  <suite started-at="2026-05-31T10:33:37 IST" name="Suite" finished-at="2026-05-31T10:34:11 IST" duration-ms="34160">
    <groups>
    </groups>
    <test started-at="2026-05-31T10:33:37 IST" name="Test" finished-at="2026-05-31T10:34:11 IST" duration-ms="34160">
      <class name="Com.DemoWebShop_TestScript.TC001_VerifyUserIsAbleToAddressOrNot_Test">
        <test-method is-config="true" signature="beforeSuite()[pri:0, instance:Com.DemoWebShop_TestScript.TC001_VerifyUserIsAbleToAddressOrNot_Test@6572421]" started-at="2026-05-31T10:33:37 IST" name="beforeSuite" finished-at="2026-05-31T10:33:37 IST" duration-ms="13" status="PASS">
          <reporter-output>
          </reporter-output>
        </test-method> <!-- beforeSuite -->
        <test-method is-config="true" signature="beforeTest()[pri:0, instance:Com.DemoWebShop_TestScript.TC001_VerifyUserIsAbleToAddressOrNot_Test@6572421]" started-at="2026-05-31T10:33:37 IST" name="beforeTest" finished-at="2026-05-31T10:33:38 IST" duration-ms="284" status="PASS">
          <reporter-output>
          </reporter-output>
        </test-method> <!-- beforeTest -->
        <test-method is-config="true" signature="beforeClass()[pri:0, instance:Com.DemoWebShop_TestScript.TC001_VerifyUserIsAbleToAddressOrNot_Test@6572421]" started-at="2026-05-31T10:33:38 IST" name="beforeClass" finished-at="2026-05-31T10:33:50 IST" duration-ms="12173" status="PASS">
          <reporter-output>
          </reporter-output>
        </test-method> <!-- beforeClass -->
        <test-method is-config="true" signature="beforeMethod()[pri:0, instance:Com.DemoWebShop_TestScript.TC001_VerifyUserIsAbleToAddressOrNot_Test@6572421]" started-at="2026-05-31T10:33:50 IST" name="beforeMethod" finished-at="2026-05-31T10:33:52 IST" duration-ms="2255" status="PASS">
          <reporter-output>
          </reporter-output>
        </test-method> <!-- beforeMethod -->
        <test-method signature="addAddress()[pri:0, instance:Com.DemoWebShop_TestScript.TC001_VerifyUserIsAbleToAddressOrNot_Test@6572421]" started-at="2026-05-31T10:33:52 IST" name="addAddress" finished-at="2026-05-31T10:34:03 IST" duration-ms="11383" status="PASS">
          <reporter-output>
          </reporter-output>
        </test-method> <!-- addAddress -->
        <test-method is-config="true" signature="afterMethod()[pri:0, instance:Com.DemoWebShop_TestScript.TC001_VerifyUserIsAbleToAddressOrNot_Test@6572421]" started-at="2026-05-31T10:34:03 IST" name="afterMethod" finished-at="2026-05-31T10:34:07 IST" duration-ms="3914" status="PASS">
          <reporter-output>
          </reporter-output>
        </test-method> <!-- afterMethod -->
        <test-method is-config="true" signature="afterClass()[pri:0, instance:Com.DemoWebShop_TestScript.TC001_VerifyUserIsAbleToAddressOrNot_Test@6572421]" started-at="2026-05-31T10:34:07 IST" name="afterClass" finished-at="2026-05-31T10:34:11 IST" duration-ms="3757" status="PASS">
          <reporter-output>
          </reporter-output>
        </test-method> <!-- afterClass -->
        <test-method is-config="true" signature="afterTest()[pri:0, instance:Com.DemoWebShop_TestScript.TC001_VerifyUserIsAbleToAddressOrNot_Test@6572421]" started-at="2026-05-31T10:34:11 IST" name="afterTest" finished-at="2026-05-31T10:34:11 IST" duration-ms="317" status="PASS">
          <reporter-output>
          </reporter-output>
        </test-method> <!-- afterTest -->
        <test-method is-config="true" signature="afterSuite()[pri:0, instance:Com.DemoWebShop_TestScript.TC001_VerifyUserIsAbleToAddressOrNot_Test@6572421]" started-at="2026-05-31T10:34:11 IST" name="afterSuite" finished-at="2026-05-31T10:34:11 IST" duration-ms="1" status="PASS">
          <reporter-output>
          </reporter-output>
        </test-method> <!-- afterSuite -->
      </class> <!-- Com.DemoWebShop_TestScript.TC001_VerifyUserIsAbleToAddressOrNot_Test -->
    </test> <!-- Test -->
  </suite> <!-- Suite -->
</testng-results>
