<?xml version="1.0" encoding="UTF-8"?>
<!-- Generated by org.testng.reporters.JUnitReportReporter -->
<testsuite hostname="dell" failures="0" tests="1" name="Com.DemoWebShop_TestScript.TC002_VerifyUserIsAbleToDeleteAddressOrNot_Test" time="26.490" errors="0" timestamp="2026-05-31T10:24:57 IST" skipped="0">
  <testcase classname="Com.DemoWebShop_TestScript.TC002_VerifyUserIsAbleToDeleteAddressOrNot_Test" name="deleteAddress" time="26.490"/>
</testsuite> <!-- Com.DemoWebShop_TestScript.TC002_VerifyUserIsAbleToDeleteAddressOrNot_Test -->
