<?xml version="1.0" encoding="UTF-8"?>
<!-- Generated by org.testng.reporters.JUnitReportReporter -->
<testsuite hostname="dell" failures="0" tests="1" name="Com.DemoWebShop_TestScript.TC001_VerifyUserIsAbleToAddressOrNot_Test" time="17.552" errors="0" timestamp="2026-05-31T10:34:12 IST" skipped="0">
  <testcase classname="Com.DemoWebShop_TestScript.TC001_VerifyUserIsAbleToAddressOrNot_Test" name="addAddress" time="17.552"/>
</testsuite> <!-- Com.DemoWebShop_TestScript.TC001_VerifyUserIsAbleToAddressOrNot_Test -->
