<?xml version="1.0" encoding="UTF-8"?>
<testng-results ignored="0" total="1" passed="1" failed="0" skipped="0">
  <reporter-output>
  </reporter-output>
  <suite started-at="2026-05-31T09:26:18 IST" name="Default suite" finished-at="2026-05-31T09:26:59 IST" duration-ms="40833">
    <groups>
    </groups>
    <test started-at="2026-05-31T09:26:18 IST" name="Default test" finished-at="2026-05-31T09:26:59 IST" duration-ms="40833">
      <class name="Com.DemoWebShop_TestScript.TC002_VerifyUserIsAbleToDeleteAddressOrNot">
        <test-method is-config="true" signature="beforeSuite()[pri:0, instance:Com.DemoWebShop_TestScript.TC002_VerifyUserIsAbleToDeleteAddressOrNot@1fa121e2]" started-at="2026-05-31T09:26:18 IST" name="beforeSuite" finished-at="2026-05-31T09:26:18 IST" duration-ms="23" status="PASS">
          <reporter-output>
          </reporter-output>
        </test-method> <!-- beforeSuite -->
        <test-method is-config="true" signature="beforeTest()[pri:0, instance:Com.DemoWebShop_TestScript.TC002_VerifyUserIsAbleToDeleteAddressOrNot@1fa121e2]" started-at="2026-05-31T09:26:18 IST" name="beforeTest" finished-at="2026-05-31T09:26:18 IST" duration-ms="576" status="PASS">
          <reporter-output>
          </reporter-output>
        </test-method> <!-- beforeTest -->
        <test-method is-config="true" signature="beforeClass()[pri:0, instance:Com.DemoWebShop_TestScript.TC002_VerifyUserIsAbleToDeleteAddressOrNot@1fa121e2]" started-at="2026-05-31T09:26:18 IST" name="beforeClass" finished-at="2026-05-31T09:26:32 IST" duration-ms="13651" status="PASS">
          <reporter-output>
          </reporter-output>
        </test-method> <!-- beforeClass -->
        <test-method is-config="true" signature="beforeMethod()[pri:0, instance:Com.DemoWebShop_TestScript.TC002_VerifyUserIsAbleToDeleteAddressOrNot@1fa121e2]" started-at="2026-05-31T09:26:32 IST" name="beforeMethod" finished-at="2026-05-31T09:26:35 IST" duration-ms="2554" status="PASS">
          <reporter-output>
          </reporter-output>
        </test-method> <!-- beforeMethod -->
        <test-method signature="deleteAddress()[pri:0, instance:Com.DemoWebShop_TestScript.TC002_VerifyUserIsAbleToDeleteAddressOrNot@1fa121e2]" started-at="2026-05-31T09:26:35 IST" name="deleteAddress" finished-at="2026-05-31T09:26:50 IST" duration-ms="15103" status="PASS">
          <reporter-output>
          </reporter-output>
        </test-method> <!-- deleteAddress -->
        <test-method is-config="true" signature="afterMethod()[pri:0, instance:Com.DemoWebShop_TestScript.TC002_VerifyUserIsAbleToDeleteAddressOrNot@1fa121e2]" started-at="2026-05-31T09:26:50 IST" name="afterMethod" finished-at="2026-05-31T09:26:54 IST" duration-ms="4550" status="PASS">
          <reporter-output>
          </reporter-output>
        </test-method> <!-- afterMethod -->
        <test-method is-config="true" signature="afterClass()[pri:0, instance:Com.DemoWebShop_TestScript.TC002_VerifyUserIsAbleToDeleteAddressOrNot@1fa121e2]" started-at="2026-05-31T09:26:54 IST" name="afterClass" finished-at="2026-05-31T09:26:58 IST" duration-ms="3868" status="PASS">
          <reporter-output>
          </reporter-output>
        </test-method> <!-- afterClass -->
        <test-method is-config="true" signature="afterTest()[pri:0, instance:Com.DemoWebShop_TestScript.TC002_VerifyUserIsAbleToDeleteAddressOrNot@1fa121e2]" started-at="2026-05-31T09:26:58 IST" name="afterTest" finished-at="2026-05-31T09:26:59 IST" duration-ms="397" status="PASS">
          <reporter-output>
          </reporter-output>
        </test-method> <!-- afterTest -->
        <test-method is-config="true" signature="afterSuite()[pri:0, instance:Com.DemoWebShop_TestScript.TC002_VerifyUserIsAbleToDeleteAddressOrNot@1fa121e2]" started-at="2026-05-31T09:26:59 IST" name="afterSuite" finished-at="2026-05-31T09:26:59 IST" duration-ms="1" status="PASS">
          <reporter-output>
          </reporter-output>
        </test-method> <!-- afterSuite -->
      </class> <!-- Com.DemoWebShop_TestScript.TC002_VerifyUserIsAbleToDeleteAddressOrNot -->
    </test> <!-- Default test -->
  </suite> <!-- Default suite -->
</testng-results>
