<?xml version="1.0" encoding="UTF-8"?>
<!-- Generated by org.testng.reporters.JUnitXMLReporter -->
<testsuite ignored="4" hostname="dell" failures="0" tests="2" name="Surefire test" time="69.78" errors="0" timestamp="2026-05-31T10:24:57 IST">
  <testcase classname="Com.DemoWebShop_TestScript.TC001_VerifyUserIsAbleToAddressOrNot_Test" name="addAddress" time="11.035"/>
  <testcase classname="Com.DemoWebShop_TestScript.TC002_VerifyUserIsAbleToDeleteAddressOrNot_Test" name="deleteAddress" time="20.137"/>
  <testcase classname="Com.DemoWebShop_GenericUtility.BaseTest" name="@BeforeSuite beforeSuite" time="0.0">
    <ignored/>
  </testcase> <!-- @BeforeSuite beforeSuite -->
  <testcase classname="Com.DemoWebShop_GenericUtility.BaseTest" name="@AfterSuite afterSuite" time="0.0">
    <ignored/>
  </testcase> <!-- @AfterSuite afterSuite -->
  <testcase classname="Com.DemoWebShop_GenericUtility.BaseTest" name="@BeforeTest beforeTest" time="0.0">
    <ignored/>
  </testcase> <!-- @BeforeTest beforeTest -->
  <testcase classname="Com.DemoWebShop_GenericUtility.BaseTest" name="@AfterTest afterTest" time="0.0">
    <ignored/>
  </testcase> <!-- @AfterTest afterTest -->
</testsuite> <!-- Surefire test -->
